<?xml version="1.0" encoding="UTF-8" ?>
<testsuite tests="2" failures="1" name="com.mycompany.tallerno1.Modelo.AplazadoTest" time="0.002" errors="0" skipped="0">
  <properties>
[...]
</properties>
  <testcase classname="com.mycompany.tallerno1.Modelo.AplazadoTest" name="com.mycompany.tallerno1.Modelo.AplazadoTest.testSetDateA" time="0.001"/>
  <testcase classname="com.mycompany.tallerno1.Modelo.AplazadoTest" name="com.mycompany.tallerno1.Modelo.AplazadoTest.testGetDateA" time="0.001">
    <failure message="Cannot invoke &quot;com.mycompany.tallerno1.Modelo.Aplazado.getDateA()&quot; because &quot;instance&quot; is null" type="java.lang.NullPointerException">java.lang.NullPointerException: Cannot invoke &quot;com.mycompany.tallerno1.Modelo.Aplazado.getDateA()&quot; because &quot;instance&quot; is null
	at com.mycompany.tallerno1.Modelo.AplazadoTest.testGetDateA(AplazadoTest.java:47)
</failure>
    <system-out>getDateA
</system-out>
  </testcase>
</testsuite>